<?xml version="1.0" encoding="UTF-8"?>
<testsuite name="com.winopay.tron.TronConnectTest" tests="11" skipped="0" failures="0" errors="0" timestamp="2026-03-07T13:20:16" hostname="Pavels-MacBook-Pro.local" time="0.0">
  <properties/>
  <testcase name="TronConstants NETWORK_NILE is tron-nile" classname="com.winopay.tron.TronConnectTest" time="0.0"/>
  <testcase name="getRailByRailId returns TronPaymentRail for tron with mainnet networkId" classname="com.winopay.tron.TronConnectTest" time="0.0"/>
  <testcase name="Solana address fails TRON validation" classname="com.winopay.tron.TronConnectTest" time="0.0"/>
  <testcase name="TronConstants NETWORK_MAINNET is tron-mainnet" classname="com.winopay.tron.TronConnectTest" time="0.0"/>
  <testcase name="formatForDisplay returns short address unchanged" classname="com.winopay.tron.TronConnectTest" time="0.0"/>
  <testcase name="TronPaymentRail RAIL_ID is tron" classname="com.winopay.tron.TronConnectTest" time="0.0"/>
  <testcase name="formatForDisplay truncates correctly" classname="com.winopay.tron.TronConnectTest" time="0.0"/>
  <testcase name="getRailByRailId returns TronPaymentRail for tron with nile networkId" classname="com.winopay.tron.TronConnectTest" time="0.0"/>
  <testcase name="getRailByRailId returns TronPaymentRail for tron" classname="com.winopay.tron.TronConnectTest" time="0.0"/>
  <testcase name="invalid TRON address fails validation" classname="com.winopay.tron.TronConnectTest" time="0.0"/>
  <testcase name="valid TRON address passes validation" classname="com.winopay.tron.TronConnectTest" time="0.0"/>
  <system-out><![CDATA[]]></system-out>
  <system-err><![CDATA[]]></system-err>
</testsuite>
