<?xml version="1.0" encoding="UTF-8"?>
<testsuite name="com.winopay.data.local.InvoiceEntityFormattingTest" tests="6" skipped="0" failures="0" errors="0" timestamp="2026-03-07T13:20:16" hostname="Pavels-MacBook-Pro.local" time="0.003">
  <properties/>
  <testcase name="formatRateDisplay returns correctly formatted rate" classname="com.winopay.data.local.InvoiceEntityFormattingTest" time="0.002"/>
  <testcase name="formatFiatAmount returns correct local currency amount" classname="com.winopay.data.local.InvoiceEntityFormattingTest" time="0.0"/>
  <testcase name="getFiatDisplayAmount uses BigDecimal for precision" classname="com.winopay.data.local.InvoiceEntityFormattingTest" time="0.001"/>
  <testcase name="formatFiatAmount returns null when no FX data" classname="com.winopay.data.local.InvoiceEntityFormattingTest" time="0.0"/>
  <testcase name="formatStablecoinAmount works for USDT" classname="com.winopay.data.local.InvoiceEntityFormattingTest" time="0.0"/>
  <testcase name="formatStablecoinAmount returns correct USD amount" classname="com.winopay.data.local.InvoiceEntityFormattingTest" time="0.0"/>
  <system-out><![CDATA[]]></system-out>
  <system-err><![CDATA[]]></system-err>
</testsuite>
