<?xml version="1.0" encoding="UTF-8"?>
<testsuite name="com.winopay.payments.RefundEligibilityTest" tests="11" skipped="0" failures="0" errors="0" timestamp="2026-03-07T13:20:16" hostname="Pavels-MacBook-Pro.local" time="0.002">
  <properties/>
  <testcase name="canRefund is idempotent - checking twice returns same result" classname="com.winopay.payments.RefundEligibilityTest" time="0.001"/>
  <testcase name="canRefund returns false for CREATED invoice" classname="com.winopay.payments.RefundEligibilityTest" time="0.0"/>
  <testcase name="canRefund returns false when payerAddress is null" classname="com.winopay.payments.RefundEligibilityTest" time="0.0"/>
  <testcase name="canRefund returns false for FAILED invoice" classname="com.winopay.payments.RefundEligibilityTest" time="0.0"/>
  <testcase name="canRefund returns true for confirmed invoice with payer address" classname="com.winopay.payments.RefundEligibilityTest" time="0.0"/>
  <testcase name="canRefund returns false for CANCELED invoice" classname="com.winopay.payments.RefundEligibilityTest" time="0.0"/>
  <testcase name="canRefund returns true when actualMintUsed differs from expected" classname="com.winopay.payments.RefundEligibilityTest" time="0.0"/>
  <testcase name="canRefund returns false for EXPIRED invoice" classname="com.winopay.payments.RefundEligibilityTest" time="0.0"/>
  <testcase name="canRefund returns false for PENDING invoice" classname="com.winopay.payments.RefundEligibilityTest" time="0.0"/>
  <testcase name="canRefund returns false when refundTxId already exists" classname="com.winopay.payments.RefundEligibilityTest" time="0.0"/>
  <testcase name="canRefund returns true even with empty payerTokenAccount" classname="com.winopay.payments.RefundEligibilityTest" time="0.0"/>
  <system-out><![CDATA[]]></system-out>
  <system-err><![CDATA[]]></system-err>
</testsuite>
