<?xml version="1.0" encoding="UTF-8"?>
<testsuite name="com.winopay.payments.RefundTransactionBuildTest" tests="7" skipped="0" failures="0" errors="0" timestamp="2026-03-07T13:20:16" hostname="Pavels-MacBook-Pro.local" time="0.001">
  <properties/>
  <testcase name="refund cannot proceed without payer address" classname="com.winopay.payments.RefundTransactionBuildTest" time="0.0"/>
  <testcase name="refund falls back to splTokenMint when actualMintUsed is null" classname="com.winopay.payments.RefundTransactionBuildTest" time="0.0"/>
  <testcase name="refund parameters are immutable from original invoice" classname="com.winopay.payments.RefundTransactionBuildTest" time="0.001"/>
  <testcase name="refund uses actualMintUsed when different from expected" classname="com.winopay.payments.RefundTransactionBuildTest" time="0.0"/>
  <testcase name="refund amount is exactly what was received in minor units" classname="com.winopay.payments.RefundTransactionBuildTest" time="0.0"/>
  <testcase name="refund recipient is payerAddress from validated transaction" classname="com.winopay.payments.RefundTransactionBuildTest" time="0.0"/>
  <testcase name="marking refund sent prevents further refunds" classname="com.winopay.payments.RefundTransactionBuildTest" time="0.0"/>
  <system-out><![CDATA[]]></system-out>
  <system-err><![CDATA[]]></system-err>
</testsuite>
