<?xml version="1.0" encoding="UTF-8"?>
<testsuite name="com.winopay.payments.PollingStrategyTest" tests="8" skipped="0" failures="0" errors="0" timestamp="2026-03-07T13:20:16" hostname="Pavels-MacBook-Pro.local" time="0.003">
  <properties/>
  <testcase name="PollingTarget with default strategy is DERIVED_ATA" classname="com.winopay.payments.PollingStrategyTest" time="0.0"/>
  <testcase name="ATA differs from wallet address" classname="com.winopay.payments.PollingStrategyTest" time="0.0"/>
  <testcase name="Different mints produce different ATAs" classname="com.winopay.payments.PollingStrategyTest" time="0.0"/>
  <testcase name="ATA derivation produces valid address" classname="com.winopay.payments.PollingStrategyTest" time="0.001"/>
  <testcase name="Different wallets produce different ATAs for same mint" classname="com.winopay.payments.PollingStrategyTest" time="0.0"/>
  <testcase name="ATA derivation is deterministic" classname="com.winopay.payments.PollingStrategyTest" time="0.001"/>
  <testcase name="PollingStrategy enum has all expected values" classname="com.winopay.payments.PollingStrategyTest" time="0.0"/>
  <testcase name="PollingTarget can have different strategies" classname="com.winopay.payments.PollingStrategyTest" time="0.001"/>
  <system-out><![CDATA[]]></system-out>
  <system-err><![CDATA[]]></system-err>
</testsuite>
